<?xml version="1.0" encoding="UTF-8"?>
<testsuite name="com.example.servingwebcontent.ServingWebContentApplicationTests" tests="1" skipped="0" failures="0" errors="0" timestamp="2023-10-07T14:19:19" hostname="MAGNE" time="0.67">
  <properties/>
  <testcase name="contextLoads()" classname="com.example.servingwebcontent.ServingWebContentApplicationTests" time="0.67"/>
  <system-out><![CDATA[16:19:17.954 [Test worker] INFO org.springframework.test.context.support.AnnotationConfigContextLoaderUtils -- Could not detect default configuration classes for test class [com.example.servingwebcontent.ServingWebContentApplicationTests]: ServingWebContentApplicationTests does not declare any static, non-private, non-final, nested classes annotated with @Configuration.
16:19:18.041 [Test worker] INFO org.springframework.boot.test.context.SpringBootTestContextBootstrapper -- Found @SpringBootConfiguration com.example.servingwebcontent.ServingWebContentApplication for test class com.example.servingwebcontent.ServingWebContentApplicationTests

  .   ____          _            __ _ _
 /\\ / ___'_ __ _ _(_)_ __  __ _ \ \ \ \
( ( )\___ | '_ | '_| | '_ \/ _` | \ \ \ \
 \\/  ___)| |_)| | | | | || (_| |  ) ) ) )
  '  |____| .__|_| |_|_| |_\__, | / / / /
 =========|_|==============|___/=/_/_/_/
 :: Spring Boot ::                (v3.1.0)

2023-10-07T16:19:18.352+02:00  INFO 27128 --- [    Test worker] c.e.s.ServingWebContentApplicationTests  : Starting ServingWebContentApplicationTests using Java 21 with PID 27128 (started by Magnus in C:\Users\Magnus\IdeaProjects\gs-serving-web-content\initial)
2023-10-07T16:19:18.353+02:00  INFO 27128 --- [    Test worker] c.e.s.ServingWebContentApplicationTests  : No active profile set, falling back to 1 default profile: "default"
2023-10-07T16:19:19.238+02:00  INFO 27128 --- [    Test worker] c.e.s.ServingWebContentApplicationTests  : Started ServingWebContentApplicationTests in 1.076 seconds (process running for 1.986)
]]></system-out>
  <system-err><![CDATA[WARNING: A Java agent has been loaded dynamically (C:\Users\Magnus\.gradle\caches\modules-2\files-2.1\net.bytebuddy\byte-buddy-agent\1.14.4\3bf5ac1104554908cc623e40e58a00be37c35f36\byte-buddy-agent-1.14.4.jar)
WARNING: If a serviceability tool is in use, please run with -XX:+EnableDynamicAgentLoading to hide this warning
WARNING: If a serviceability tool is not in use, please run with -Djdk.instrument.traceUsage for more information
WARNING: Dynamic loading of agents will be disallowed by default in a future release
]]></system-err>
</testsuite>
